<!DOCTYPE html>
<html>
<head>
<meta http-equiv="Content-Type" content="text/html; charset=utf-8"/>
<meta http-equiv="x-ua-compatible" content="IE=edge"/>
<title>Test results - Class org.jpos.transaction.TransactionManagerTest</title>
<link href="../css/base-style.css" rel="stylesheet" type="text/css"/>
<link href="../css/style.css" rel="stylesheet" type="text/css"/>
<script src="../js/report.js" type="text/javascript"></script>
</head>
<body>
<div id="content">
<h1>Class org.jpos.transaction.TransactionManagerTest</h1>
<div class="breadcrumbs">
<a href="../index.html">all</a> &gt; 
<a href="../packages/org.jpos.transaction.html">org.jpos.transaction</a> &gt; TransactionManagerTest</div>
<div id="summary">
<table>
<tr>
<td>
<div class="summaryGroup">
<table>
<tr>
<td>
<div class="infoBox" id="tests">
<div class="counter">51</div>
<p>tests</p>
</div>
</td>
<td>
<div class="infoBox" id="failures">
<div class="counter">2</div>
<p>failures</p>
</div>
</td>
<td>
<div class="infoBox" id="ignored">
<div class="counter">0</div>
<p>ignored</p>
</div>
</td>
<td>
<div class="infoBox" id="duration">
<div class="counter">0.038s</div>
<p>duration</p>
</div>
</td>
</tr>
</table>
</div>
</td>
<td>
<div class="infoBox failures" id="successRate">
<div class="percent">96%</div>
<p>successful</p>
</div>
</td>
</tr>
</table>
</div>
<div id="tabs">
<ul class="tabLinks">
<li>
<a href="#tab0">Failed tests</a>
</li>
<li>
<a href="#tab1">Tests</a>
</li>
</ul>
<div id="tab0" class="tab">
<h2>Failed tests</h2>
<div class="test">
<a name="testPrepare5"></a>
<h3 class="failures">testPrepare5</h3>
<span class="code">
<pre>java.lang.AssertionError: result expected:&lt;64&gt; but was:&lt;0&gt;
	at org.junit.Assert.fail(Assert.java:88)
	at org.junit.Assert.failNotEquals(Assert.java:834)
	at org.junit.Assert.assertEquals(Assert.java:645)
	at org.jpos.transaction.TransactionManagerTest.testPrepare5(TransactionManagerTest.java:379)
	at sun.reflect.NativeMethodAccessorImpl.invoke0(Native Method)
	at sun.reflect.NativeMethodAccessorImpl.invoke(NativeMethodAccessorImpl.java:62)
	at sun.reflect.DelegatingMethodAccessorImpl.invoke(DelegatingMethodAccessorImpl.java:43)
	at java.lang.reflect.Method.invoke(Method.java:498)
	at org.junit.runners.model.FrameworkMethod$1.runReflectiveCall(FrameworkMethod.java:50)
	at org.junit.internal.runners.model.ReflectiveCallable.run(ReflectiveCallable.java:12)
	at org.junit.runners.model.FrameworkMethod.invokeExplosively(FrameworkMethod.java:47)
	at org.junit.internal.runners.statements.InvokeMethod.evaluate(InvokeMethod.java:17)
	at org.junit.internal.runners.statements.RunBefores.evaluate(RunBefores.java:26)
	at org.junit.runners.ParentRunner.runLeaf(ParentRunner.java:325)
	at org.junit.runners.BlockJUnit4ClassRunner.runChild(BlockJUnit4ClassRunner.java:78)
	at org.junit.runners.BlockJUnit4ClassRunner.runChild(BlockJUnit4ClassRunner.java:57)
	at org.junit.runners.ParentRunner$3.run(ParentRunner.java:290)
	at org.junit.runners.ParentRunner$1.schedule(ParentRunner.java:71)
	at org.junit.runners.ParentRunner.runChildren(ParentRunner.java:288)
	at org.junit.runners.ParentRunner.access$000(ParentRunner.java:58)
	at org.junit.runners.ParentRunner$2.evaluate(ParentRunner.java:268)
	at org.junit.runners.ParentRunner.run(ParentRunner.java:363)
	at org.gradle.api.internal.tasks.testing.junit.JUnitTestClassExecuter.runTestClass(JUnitTestClassExecuter.java:114)
	at org.gradle.api.internal.tasks.testing.junit.JUnitTestClassExecuter.execute(JUnitTestClassExecuter.java:57)
	at org.gradle.api.internal.tasks.testing.junit.JUnitTestClassProcessor.processTestClass(JUnitTestClassProcessor.java:66)
	at org.gradle.api.internal.tasks.testing.SuiteTestClassProcessor.processTestClass(SuiteTestClassProcessor.java:51)
	at sun.reflect.GeneratedMethodAccessor8.invoke(Unknown Source)
	at sun.reflect.DelegatingMethodAccessorImpl.invoke(DelegatingMethodAccessorImpl.java:43)
	at java.lang.reflect.Method.invoke(Method.java:498)
	at org.gradle.internal.dispatch.ReflectionDispatch.dispatch(ReflectionDispatch.java:35)
	at org.gradle.internal.dispatch.ReflectionDispatch.dispatch(ReflectionDispatch.java:24)
	at org.gradle.internal.dispatch.ContextClassLoaderDispatch.dispatch(ContextClassLoaderDispatch.java:32)
	at org.gradle.internal.dispatch.ProxyDispatchAdapter$DispatchingInvocationHandler.invoke(ProxyDispatchAdapter.java:93)
	at com.sun.proxy.$Proxy2.processTestClass(Unknown Source)
	at org.gradle.api.internal.tasks.testing.worker.TestWorker.processTestClass(TestWorker.java:109)
	at sun.reflect.GeneratedMethodAccessor7.invoke(Unknown Source)
	at sun.reflect.DelegatingMethodAccessorImpl.invoke(DelegatingMethodAccessorImpl.java:43)
	at java.lang.reflect.Method.invoke(Method.java:498)
	at org.gradle.internal.dispatch.ReflectionDispatch.dispatch(ReflectionDispatch.java:35)
	at org.gradle.internal.dispatch.ReflectionDispatch.dispatch(ReflectionDispatch.java:24)
	at org.gradle.internal.remote.internal.hub.MessageHubBackedObjectConnection$DispatchWrapper.dispatch(MessageHubBackedObjectConnection.java:147)
	at org.gradle.internal.remote.internal.hub.MessageHubBackedObjectConnection$DispatchWrapper.dispatch(MessageHubBackedObjectConnection.java:129)
	at org.gradle.internal.remote.internal.hub.MessageHub$Handler.run(MessageHub.java:404)
	at org.gradle.internal.concurrent.ExecutorPolicy$CatchAndRecordFailures.onExecute(ExecutorPolicy.java:63)
	at org.gradle.internal.concurrent.StoppableExecutorImpl$1.run(StoppableExecutorImpl.java:46)
	at java.util.concurrent.ThreadPoolExecutor.runWorker(ThreadPoolExecutor.java:1142)
	at java.util.concurrent.ThreadPoolExecutor$Worker.run(ThreadPoolExecutor.java:617)
	at java.lang.Thread.run(Thread.java:748)
</pre>
</span>
</div>
<div class="test">
<a name="testPrepare8"></a>
<h3 class="failures">testPrepare8</h3>
<span class="code">
<pre>java.lang.AssertionError: result expected:&lt;64&gt; but was:&lt;1&gt;
	at org.junit.Assert.fail(Assert.java:88)
	at org.junit.Assert.failNotEquals(Assert.java:834)
	at org.junit.Assert.assertEquals(Assert.java:645)
	at org.jpos.transaction.TransactionManagerTest.testPrepare8(TransactionManagerTest.java:406)
	at sun.reflect.NativeMethodAccessorImpl.invoke0(Native Method)
	at sun.reflect.NativeMethodAccessorImpl.invoke(NativeMethodAccessorImpl.java:62)
	at sun.reflect.DelegatingMethodAccessorImpl.invoke(DelegatingMethodAccessorImpl.java:43)
	at java.lang.reflect.Method.invoke(Method.java:498)
	at org.junit.runners.model.FrameworkMethod$1.runReflectiveCall(FrameworkMethod.java:50)
	at org.junit.internal.runners.model.ReflectiveCallable.run(ReflectiveCallable.java:12)
	at org.junit.runners.model.FrameworkMethod.invokeExplosively(FrameworkMethod.java:47)
	at org.junit.internal.runners.statements.InvokeMethod.evaluate(InvokeMethod.java:17)
	at org.junit.internal.runners.statements.RunBefores.evaluate(RunBefores.java:26)
	at org.junit.runners.ParentRunner.runLeaf(ParentRunner.java:325)
	at org.junit.runners.BlockJUnit4ClassRunner.runChild(BlockJUnit4ClassRunner.java:78)
	at org.junit.runners.BlockJUnit4ClassRunner.runChild(BlockJUnit4ClassRunner.java:57)
	at org.junit.runners.ParentRunner$3.run(ParentRunner.java:290)
	at org.junit.runners.ParentRunner$1.schedule(ParentRunner.java:71)
	at org.junit.runners.ParentRunner.runChildren(ParentRunner.java:288)
	at org.junit.runners.ParentRunner.access$000(ParentRunner.java:58)
	at org.junit.runners.ParentRunner$2.evaluate(ParentRunner.java:268)
	at org.junit.runners.ParentRunner.run(ParentRunner.java:363)
	at org.gradle.api.internal.tasks.testing.junit.JUnitTestClassExecuter.runTestClass(JUnitTestClassExecuter.java:114)
	at org.gradle.api.internal.tasks.testing.junit.JUnitTestClassExecuter.execute(JUnitTestClassExecuter.java:57)
	at org.gradle.api.internal.tasks.testing.junit.JUnitTestClassProcessor.processTestClass(JUnitTestClassProcessor.java:66)
	at org.gradle.api.internal.tasks.testing.SuiteTestClassProcessor.processTestClass(SuiteTestClassProcessor.java:51)
	at sun.reflect.GeneratedMethodAccessor8.invoke(Unknown Source)
	at sun.reflect.DelegatingMethodAccessorImpl.invoke(DelegatingMethodAccessorImpl.java:43)
	at java.lang.reflect.Method.invoke(Method.java:498)
	at org.gradle.internal.dispatch.ReflectionDispatch.dispatch(ReflectionDispatch.java:35)
	at org.gradle.internal.dispatch.ReflectionDispatch.dispatch(ReflectionDispatch.java:24)
	at org.gradle.internal.dispatch.ContextClassLoaderDispatch.dispatch(ContextClassLoaderDispatch.java:32)
	at org.gradle.internal.dispatch.ProxyDispatchAdapter$DispatchingInvocationHandler.invoke(ProxyDispatchAdapter.java:93)
	at com.sun.proxy.$Proxy2.processTestClass(Unknown Source)
	at org.gradle.api.internal.tasks.testing.worker.TestWorker.processTestClass(TestWorker.java:109)
	at sun.reflect.GeneratedMethodAccessor7.invoke(Unknown Source)
	at sun.reflect.DelegatingMethodAccessorImpl.invoke(DelegatingMethodAccessorImpl.java:43)
	at java.lang.reflect.Method.invoke(Method.java:498)
	at org.gradle.internal.dispatch.ReflectionDispatch.dispatch(ReflectionDispatch.java:35)
	at org.gradle.internal.dispatch.ReflectionDispatch.dispatch(ReflectionDispatch.java:24)
	at org.gradle.internal.remote.internal.hub.MessageHubBackedObjectConnection$DispatchWrapper.dispatch(MessageHubBackedObjectConnection.java:147)
	at org.gradle.internal.remote.internal.hub.MessageHubBackedObjectConnection$DispatchWrapper.dispatch(MessageHubBackedObjectConnection.java:129)
	at org.gradle.internal.remote.internal.hub.MessageHub$Handler.run(MessageHub.java:404)
	at org.gradle.internal.concurrent.ExecutorPolicy$CatchAndRecordFailures.onExecute(ExecutorPolicy.java:63)
	at org.gradle.internal.concurrent.StoppableExecutorImpl$1.run(StoppableExecutorImpl.java:46)
	at java.util.concurrent.ThreadPoolExecutor.runWorker(ThreadPoolExecutor.java:1142)
	at java.util.concurrent.ThreadPoolExecutor$Worker.run(ThreadPoolExecutor.java:617)
	at java.lang.Thread.run(Thread.java:748)
</pre>
</span>
</div>
</div>
<div id="tab1" class="tab">
<h2>Tests</h2>
<table>
<thead>
<tr>
<th>Test</th>
<th>Duration</th>
<th>Result</th>
</tr>
</thead>
<tr>
<td class="success">testAbort2</td>
<td>0.001s</td>
<td class="success">passed</td>
</tr>
<tr>
<td class="success">testAbort3</td>
<td>0s</td>
<td class="success">passed</td>
</tr>
<tr>
<td class="success">testAbort4</td>
<td>0s</td>
<td class="success">passed</td>
</tr>
<tr>
<td class="success">testAbort5</td>
<td>0s</td>
<td class="success">passed</td>
</tr>
<tr>
<td class="success">testAbort6</td>
<td>0s</td>
<td class="success">passed</td>
</tr>
<tr>
<td class="success">testAbortThrowsNullPointerException</td>
<td>0s</td>
<td class="success">passed</td>
</tr>
<tr>
<td class="success">testAbortThrowsNullPointerException2</td>
<td>0s</td>
<td class="success">passed</td>
</tr>
<tr>
<td class="success">testCheckRetryTask</td>
<td>0.008s</td>
<td class="success">passed</td>
</tr>
<tr>
<td class="success">testCheckRetryTask1</td>
<td>0s</td>
<td class="success">passed</td>
</tr>
<tr>
<td class="success">testCheckTailThrowsNullPointerException</td>
<td>0s</td>
<td class="success">passed</td>
</tr>
<tr>
<td class="success">testCommit1</td>
<td>0s</td>
<td class="success">passed</td>
</tr>
<tr>
<td class="success">testCommit2</td>
<td>0s</td>
<td class="success">passed</td>
</tr>
<tr>
<td class="success">testCommit3</td>
<td>0s</td>
<td class="success">passed</td>
</tr>
<tr>
<td class="success">testCommit4</td>
<td>0s</td>
<td class="success">passed</td>
</tr>
<tr>
<td class="success">testCommit5</td>
<td>0s</td>
<td class="success">passed</td>
</tr>
<tr>
<td class="success">testCommit6</td>
<td>0s</td>
<td class="success">passed</td>
</tr>
<tr>
<td class="success">testCommitThrowsNullPointerException</td>
<td>0s</td>
<td class="success">passed</td>
</tr>
<tr>
<td class="success">testCommitThrowsNullPointerException2</td>
<td>0.001s</td>
<td class="success">passed</td>
</tr>
<tr>
<td class="success">testConstructor</td>
<td>0s</td>
<td class="success">passed</td>
</tr>
<tr>
<td class="success">testGetHead</td>
<td>0s</td>
<td class="success">passed</td>
</tr>
<tr>
<td class="success">testGetKeyThrowsNullPointerException</td>
<td>0s</td>
<td class="success">passed</td>
</tr>
<tr>
<td class="success">testGetOutstandingTransactions</td>
<td>0s</td>
<td class="success">passed</td>
</tr>
<tr>
<td class="success">testGetParticipantsThrowsNullPointerException</td>
<td>0s</td>
<td class="success">passed</td>
</tr>
<tr>
<td class="success">testGetTail</td>
<td>0s</td>
<td class="success">passed</td>
</tr>
<tr>
<td class="success">testInitCounterThrowsNullPointerException</td>
<td>0s</td>
<td class="success">passed</td>
</tr>
<tr>
<td class="success">testInitParticipantsThrowsNullPointerException</td>
<td>0s</td>
<td class="success">passed</td>
</tr>
<tr>
<td class="success">testInitServiceThrowsConfigurationException</td>
<td>0s</td>
<td class="success">passed</td>
</tr>
<tr>
<td class="success">testInitServiceThrowsNullPointerException</td>
<td>0s</td>
<td class="success">passed</td>
</tr>
<tr>
<td class="success">testInitTailLockThrowsNullPointerException</td>
<td>0s</td>
<td class="success">passed</td>
</tr>
<tr>
<td class="success">testNextIdThrowsNullPointerException</td>
<td>0s</td>
<td class="success">passed</td>
</tr>
<tr>
<td class="success">testPrepare10</td>
<td>0s</td>
<td class="success">passed</td>
</tr>
<tr>
<td class="success">testPrepare2</td>
<td>0s</td>
<td class="success">passed</td>
</tr>
<tr>
<td class="failures">testPrepare5</td>
<td>0.012s</td>
<td class="failures">failed</td>
</tr>
<tr>
<td class="success">testPrepare7</td>
<td>0s</td>
<td class="success">passed</td>
</tr>
<tr>
<td class="failures">testPrepare8</td>
<td>0.001s</td>
<td class="failures">failed</td>
</tr>
<tr>
<td class="success">testPrepareForAbort1</td>
<td>0s</td>
<td class="success">passed</td>
</tr>
<tr>
<td class="success">testPrepareForAbort2</td>
<td>0s</td>
<td class="success">passed</td>
</tr>
<tr>
<td class="success">testPrepareThrowsNullPointerException3</td>
<td>0.013s</td>
<td class="success">passed</td>
</tr>
<tr>
<td class="success">testPrepareThrowsNullPointerException5</td>
<td>0.001s</td>
<td class="success">passed</td>
</tr>
<tr>
<td class="success">testPrepareThrowsNullPointerException9</td>
<td>0s</td>
<td class="success">passed</td>
</tr>
<tr>
<td class="success">testPurgeThrowsNullPointerException</td>
<td>0s</td>
<td class="success">passed</td>
</tr>
<tr>
<td class="success">testRecoverThrowsNullPointerException</td>
<td>0s</td>
<td class="success">passed</td>
</tr>
<tr>
<td class="success">testRecoverThrowsNullPointerException1</td>
<td>0s</td>
<td class="success">passed</td>
</tr>
<tr>
<td class="success">testRetryTaskRun</td>
<td>0s</td>
<td class="success">passed</td>
</tr>
<tr>
<td class="success">testSetConfiguration</td>
<td>0s</td>
<td class="success">passed</td>
</tr>
<tr>
<td class="success">testSetConfigurationThrowsNullPointerException</td>
<td>0s</td>
<td class="success">passed</td>
</tr>
<tr>
<td class="success">testSetStateThrowsNullPointerException</td>
<td>0s</td>
<td class="success">passed</td>
</tr>
<tr>
<td class="success">testSnapshotThrowsNullPointerException</td>
<td>0s</td>
<td class="success">passed</td>
</tr>
<tr>
<td class="success">testSnapshotThrowsNullPointerException1</td>
<td>0.001s</td>
<td class="success">passed</td>
</tr>
<tr>
<td class="success">testStartServiceThrowsNullPointerException1</td>
<td>0s</td>
<td class="success">passed</td>
</tr>
<tr>
<td class="success">testTailDoneThrowsNullPointerException</td>
<td>0s</td>
<td class="success">passed</td>
</tr>
</table>
</div>
</div>
<div id="footer">
<p>
<div>
<label class="hidden" id="label-for-line-wrapping-toggle" for="line-wrapping-toggle">Wrap lines
<input id="line-wrapping-toggle" type="checkbox" autocomplete="off"/>
</label>
</div>Generated by 
<a href="http://www.gradle.org">Gradle 3.5</a> at May 21, 2017 3:52:25 AM</p>
</div>
</div>
</body>
</html>
